<?xml version="1.0" encoding="UTF-8"?>
<!-- Generated by org.testng.reporters.JUnitXMLReporter -->
<testsuite hostname="prakharagarwl01" ignored="0" name="RedbusTest" tests="2" failures="1" timestamp="2021-06-29T14:44:47 IST" time="23.747" errors="0">
  <testcase name="@AfterMethod getResult" time="0.045" classname="tests.baseTest">
    <failure type="org.openqa.selenium.NoSuchSessionException" message="invalid session id
Build info: version: &amp;apos;3.141.59&amp;apos;, revision: &amp;apos;e82be7d358&amp;apos;, time: &amp;apos;2018-11-14T08:17:03&amp;apos;
System info: host: &amp;apos;PRAKHARAGARWL01&amp;apos;, ip: &amp;apos;192.168.0.105&amp;apos;, os.name: &amp;apos;Windows 10&amp;apos;, os.arch: &amp;apos;amd64&amp;apos;, os.version: &amp;apos;10.0&amp;apos;, java.version: &amp;apos;1.8.0_281&amp;apos;
Driver info: org.openqa.selenium.chrome.ChromeDriver
Capabilities {acceptInsecureCerts: false, browserName: chrome, browserVersion: 91.0.4472.114, chrome: {chromedriverVersion: 91.0.4472.101 (af52a90bf870..., userDataDir: C:\Users\PRAKHA~1\AppData\L...}, goog:chromeOptions: {debuggerAddress: localhost:61070}, javascriptEnabled: true, networkConnectionEnabled: false, pageLoadStrategy: normal, platform: WINDOWS, platformName: WINDOWS, proxy: Proxy(), setWindowRect: true, strictFileInteractability: false, timeouts: {implicit: 0, pageLoad: 300000, script: 30000}, unhandledPromptBehavior: dismiss and notify, webauthn:extension:largeBlob: true, webauthn:virtualAuthenticators: true}
Session ID: 2163373e768a9a7fbfda3df5ce7628fb">
      <![CDATA[org.openqa.selenium.NoSuchSessionException: invalid session id
Build info: version: '3.141.59', revision: 'e82be7d358', time: '2018-11-14T08:17:03'
System info: host: 'PRAKHARAGARWL01', ip: '192.168.0.105', os.name: 'Windows 10', os.arch: 'amd64', os.version: '10.0', java.version: '1.8.0_281'
Driver info: org.openqa.selenium.chrome.ChromeDriver
Capabilities {acceptInsecureCerts: false, browserName: chrome, browserVersion: 91.0.4472.114, chrome: {chromedriverVersion: 91.0.4472.101 (af52a90bf870..., userDataDir: C:\Users\PRAKHA~1\AppData\L...}, goog:chromeOptions: {debuggerAddress: localhost:61070}, javascriptEnabled: true, networkConnectionEnabled: false, pageLoadStrategy: normal, platform: WINDOWS, platformName: WINDOWS, proxy: Proxy(), setWindowRect: true, strictFileInteractability: false, timeouts: {implicit: 0, pageLoad: 300000, script: 30000}, unhandledPromptBehavior: dismiss and notify, webauthn:extension:largeBlob: true, webauthn:virtualAuthenticators: true}
Session ID: 2163373e768a9a7fbfda3df5ce7628fb
at org.openqa.selenium.remote.http.W3CHttpResponseCodec.createException(W3CHttpResponseCodec.java:187)
at org.openqa.selenium.remote.http.W3CHttpResponseCodec.decode(W3CHttpResponseCodec.java:122)
at org.openqa.selenium.remote.http.W3CHttpResponseCodec.decode(W3CHttpResponseCodec.java:49)
at org.openqa.selenium.remote.HttpCommandExecutor.execute(HttpCommandExecutor.java:158)
at org.openqa.selenium.remote.service.DriverCommandExecutor.execute(DriverCommandExecutor.java:83)
at org.openqa.selenium.remote.RemoteWebDriver.execute(RemoteWebDriver.java:552)
at org.openqa.selenium.remote.RemoteWebDriver.execute(RemoteWebDriver.java:609)
at org.openqa.selenium.remote.RemoteWebDriver.getScreenshotAs(RemoteWebDriver.java:295)
at utils.Screenshots.takeScreenShot(Screenshots.java:17)
at tests.baseTest.getResult(baseTest.java:74)
at java.util.ArrayList.forEach(ArrayList.java:1259)
... Removed 36 stack frames]]>
    </failure>
  </testcase> <!-- @AfterMethod getResult -->
  <testcase name="@BeforeMethod intializeWebdriver" time="-1.624958087895E9" classname="tests.baseTest">
    <skipped/>
  </testcase> <!-- @BeforeMethod intializeWebdriver -->
  <testcase name="@BeforeMethod openBrowser" time="-1.624958087896E9" classname="tests.baseTest">
    <skipped/>
  </testcase> <!-- @BeforeMethod openBrowser -->
  <testcase name="@AfterMethod closeBrowser" time="-1.624958087899E9" classname="tests.baseTest">
    <skipped/>
  </testcase> <!-- @AfterMethod closeBrowser -->
  <testcase name="@AfterMethod getResult" time="-1.624958087899E9" classname="tests.baseTest">
    <skipped/>
  </testcase> <!-- @AfterMethod getResult -->
  <testcase name="aboutUs" time="13.462" classname="tests.aboutRedbusTest">
    <failure type="java.lang.AssertionError" message="expected [https://www.redbus.in/info/aboutu] but found [https://www.redbus.in/info/aboutus]">
      <![CDATA[java.lang.AssertionError: expected [https://www.redbus.in/info/aboutu] but found [https://www.redbus.in/info/aboutus]
at tests.aboutRedbusTest.aboutUs(aboutRedbusTest.java:19)
at java.util.ArrayList.forEach(ArrayList.java:1259)
... Removed 33 stack frames]]>
    </failure>
  </testcase> <!-- aboutUs -->
  <testcase name="contactUs" time="0.0" classname="tests.aboutRedbusTest">
    <skipped/>
  </testcase> <!-- contactUs -->
</testsuite> <!-- RedbusTest -->
